<?xml version="1.0" encoding="UTF-8"?>
<!-- Generated by org.testng.reporters.JUnitXMLReporter -->
<testsuite ignored="0" hostname="Reggies-Anthony.local" failures="0" tests="7" name="Assessment Test Suite" time="39.132" errors="0" timestamp="2024-05-23T21:42:30 IST">
  <testcase classname="com.assessment.tests.TestWeatherInCity" name="@BeforeTest setUp" time="21.749">
    <failure type="org.openqa.selenium.NoSuchElementException" message="no such element: Unable to locate element: {&amp;quot;method&amp;quot;:&amp;quot;xpath&amp;quot;,&amp;quot;selector&amp;quot;:&amp;quot;//button[contains(text(),&amp;apos;Accept&amp;apos;)]&amp;quot;}
  (Session info: chrome=124.0.6367.210)
For documentation on this error, please visit: https://www.selenium.dev/documentation/webdriver/troubleshooting/errors#no-such-element-exception
Build info: version: &amp;apos;4.11.0&amp;apos;, revision: &amp;apos;040bc5406b&amp;apos;
System info: os.name: &amp;apos;Mac OS X&amp;apos;, os.arch: &amp;apos;aarch64&amp;apos;, os.version: &amp;apos;14.4.1&amp;apos;, java.version: &amp;apos;19&amp;apos;
Driver info: org.openqa.selenium.chrome.ChromeDriver
Command: [f9477caefa0c425446d605da8fd0485a, findElement {using=xpath, value=//button[contains(text(),&amp;apos;Accept&amp;apos;)]}]
Capabilities {acceptInsecureCerts: false, browserName: chrome, browserVersion: 124.0.6367.210, chrome: {chromedriverVersion: 124.0.6367.207 (a9001a6e39f..., userDataDir: /var/folders/tf/y8_7m_q120g...}, fedcm:accounts: true, goog:chromeOptions: {debuggerAddress: localhost:64413}, networkConnectionEnabled: false, pageLoadStrategy: normal, platformName: mac, proxy: Proxy(), se:cdp: ws://localhost:64413/devtoo..., se:cdpVersion: 124.0.6367.210, setWindowRect: true, strictFileInteractability: false, timeouts: {implicit: 0, pageLoad: 300000, script: 30000}, unhandledPromptBehavior: dismiss and notify, webauthn:extension:credBlob: true, webauthn:extension:largeBlob: true, webauthn:extension:minPinLength: true, webauthn:extension:prf: true, webauthn:virtualAuthenticators: true}
Session ID: f9477caefa0c425446d605da8fd0485a">
      <![CDATA[org.openqa.selenium.NoSuchElementException: no such element: Unable to locate element: {"method":"xpath","selector":"//button[contains(text(),'Accept')]"}
  (Session info: chrome=124.0.6367.210)
For documentation on this error, please visit: https://www.selenium.dev/documentation/webdriver/troubleshooting/errors#no-such-element-exception
Build info: version: '4.11.0', revision: '040bc5406b'
System info: os.name: 'Mac OS X', os.arch: 'aarch64', os.version: '14.4.1', java.version: '19'
Driver info: org.openqa.selenium.chrome.ChromeDriver
Command: [f9477caefa0c425446d605da8fd0485a, findElement {using=xpath, value=//button[contains(text(),'Accept')]}]
Capabilities {acceptInsecureCerts: false, browserName: chrome, browserVersion: 124.0.6367.210, chrome: {chromedriverVersion: 124.0.6367.207 (a9001a6e39f..., userDataDir: /var/folders/tf/y8_7m_q120g...}, fedcm:accounts: true, goog:chromeOptions: {debuggerAddress: localhost:64413}, networkConnectionEnabled: false, pageLoadStrategy: normal, platformName: mac, proxy: Proxy(), se:cdp: ws://localhost:64413/devtoo..., se:cdpVersion: 124.0.6367.210, setWindowRect: true, strictFileInteractability: false, timeouts: {implicit: 0, pageLoad: 300000, script: 30000}, unhandledPromptBehavior: dismiss and notify, webauthn:extension:credBlob: true, webauthn:extension:largeBlob: true, webauthn:extension:minPinLength: true, webauthn:extension:prf: true, webauthn:virtualAuthenticators: true}
Session ID: f9477caefa0c425446d605da8fd0485a
at org.openqa.selenium.remote.codec.w3c.W3CHttpResponseCodec.createException(W3CHttpResponseCodec.java:200)
at org.openqa.selenium.remote.codec.w3c.W3CHttpResponseCodec.decode(W3CHttpResponseCodec.java:133)
at org.openqa.selenium.remote.codec.w3c.W3CHttpResponseCodec.decode(W3CHttpResponseCodec.java:52)
at org.openqa.selenium.remote.HttpCommandExecutor.execute(HttpCommandExecutor.java:191)
at org.openqa.selenium.remote.service.DriverCommandExecutor.invokeExecute(DriverCommandExecutor.java:196)
at org.openqa.selenium.remote.service.DriverCommandExecutor.execute(DriverCommandExecutor.java:171)
at org.openqa.selenium.remote.RemoteWebDriver.execute(RemoteWebDriver.java:518)
at org.openqa.selenium.remote.ElementLocation$ElementFinder$2.findElement(ElementLocation.java:165)
at org.openqa.selenium.remote.ElementLocation.findElement(ElementLocation.java:59)
at org.openqa.selenium.remote.RemoteWebDriver.findElement(RemoteWebDriver.java:355)
at org.openqa.selenium.remote.RemoteWebDriver.findElement(RemoteWebDriver.java:349)
at org.openqa.selenium.support.pagefactory.DefaultElementLocator.findElement(DefaultElementLocator.java:68)
at org.openqa.selenium.support.pagefactory.internal.LocatingElementHandler.invoke(LocatingElementHandler.java:38)
at jdk.proxy2/jdk.proxy2.$Proxy20.click(Unknown Source)
at com.assessment.pages.WeatherInCity.acceptCookies(WeatherInCity.java:72)
at com.assessment.tests.TestWeatherInCity.setUp(TestWeatherInCity.java:22)
... Removed 25 stack frames]]>
    </failure>
  </testcase> <!-- @BeforeTest setUp -->
  <testcase classname="com.assessment.tests.SearchTest" name="@AfterTest tearDown" time="-1.71648075074E9">
    <skipped/>
  </testcase> <!-- @AfterTest tearDown -->
  <testcase classname="com.assessment.tests.TestWeatherInCity" name="@AfterTest tearDown" time="-1.71648075074E9">
    <skipped/>
  </testcase> <!-- @AfterTest tearDown -->
  <testcase classname="com.assessment.tests.SearchTest" name="testSearchCity" time="0.0">
    <skipped/>
  </testcase> <!-- testSearchCity -->
  <testcase classname="com.assessment.tests.SearchTest" name="testVerifyCityWeatherDetails" time="0.0">
    <skipped/>
  </testcase> <!-- testVerifyCityWeatherDetails -->
  <testcase classname="com.assessment.tests.TestWeatherInCity" name="testSearchWeatherInYourCity" time="0.0">
    <skipped/>
  </testcase> <!-- testSearchWeatherInYourCity -->
  <testcase classname="com.assessment.tests.TestWeatherInCity" name="testVerfiyWeatherInYourCityHeadline" time="0.0">
    <skipped/>
  </testcase> <!-- testVerfiyWeatherInYourCityHeadline -->
  <testcase classname="com.assessment.tests.TestWeatherInCity" name="testVerfiyWeatherInYourCitySearchBoxValue" time="0.0">
    <skipped/>
  </testcase> <!-- testVerfiyWeatherInYourCitySearchBoxValue -->
  <testcase classname="com.assessment.tests.TestWeatherInCity" name="testVerfiyCityWeatherDetails" time="0.0">
    <skipped/>
  </testcase> <!-- testVerfiyCityWeatherDetails -->
  <testcase classname="com.assessment.tests.TestWeatherInCity" name="testVerfiyRedirectionToCityPage" time="0.0">
    <skipped/>
  </testcase> <!-- testVerfiyRedirectionToCityPage -->
</testsuite> <!-- Assessment Test Suite -->
